[debug] [2022-08-07T08:18:42.228Z] ----------------------------------------------------------------------
[debug] [2022-08-07T08:18:42.231Z] Command:       C:\Program Files\nodejs\node.exe C:\Users\Devendra\AppData\Roaming\npm\node_modules\firebase-tools\lib\bin\firebase.js login
[debug] [2022-08-07T08:18:42.231Z] CLI Version:   11.4.2
[debug] [2022-08-07T08:18:42.231Z] Platform:      win32
[debug] [2022-08-07T08:18:42.231Z] Node Version:  v17.5.0
[debug] [2022-08-07T08:18:42.232Z] Time:          Sun Aug 07 2022 13:48:42 GMT+0530 (India Standard Time)
[debug] [2022-08-07T08:18:42.232Z] ----------------------------------------------------------------------
[debug] 
[info] i  Firebase optionally collects CLI usage and error reporting information to help improve our products. Data is collected in accordance with Google's privacy policy (https://policies.google.com/privacy) and is not used to identify you.
 
[info] i  To change your data collection preference at any time, run `firebase logout` and log in again. 
[info] 
[info] Visit this URL on this device to log in:
[info] https://accounts.google.com/o/oauth2/auth?client_id=563584335869-fgrhgmd47bqnekij5i8b5pr03ho849e6.apps.googleusercontent.com&scope=email%20openid%20https%3A%2F%2Fwww.googleapis.com%2Fauth%2Fcloudplatformprojects.readonly%20https%3A%2F%2Fwww.googleapis.com%2Fauth%2Ffirebase%20https%3A%2F%2Fwww.googleapis.com%2Fauth%2Fcloud-platform&response_type=code&state=923037270&redirect_uri=http%3A%2F%2Flocalhost%3A9005
[info] 
[info] Waiting for authentication...
[debug] [2022-08-07T08:18:46.177Z] Error: spawn cmd ENOENT
    at Process.ChildProcess._handle.onexit (node:internal/child_process:283:19)
    at onErrorNT (node:internal/child_process:476:16)
    at processTicksAndRejections (node:internal/process/task_queues:83:21)
[error] 
[error] Error: An unexpected error has occurred.
